2024-09-04 09:34:23 startup archives unpack
2024-09-04 09:34:23 upgrade libssl3:amd64 3.0.2-0ubuntu1.17 3.0.2-0ubuntu1.18
2024-09-04 09:34:23 status triggers-pending libc-bin:amd64 2.35-0ubuntu3.8
2024-09-04 09:34:23 status half-configured libssl3:amd64 3.0.2-0ubuntu1.17
2024-09-04 09:34:23 status unpacked libssl3:amd64 3.0.2-0ubuntu1.17
2024-09-04 09:34:23 status half-installed libssl3:amd64 3.0.2-0ubuntu1.17
2024-09-04 09:34:23 status unpacked libssl3:amd64 3.0.2-0ubuntu1.18
2024-09-04 09:34:23 startup packages configure
2024-09-04 09:34:23 configure libssl3:amd64 3.0.2-0ubuntu1.18 <none>
2024-09-04 09:34:23 status unpacked libssl3:amd64 3.0.2-0ubuntu1.18
2024-09-04 09:34:23 status half-configured libssl3:amd64 3.0.2-0ubuntu1.18
2024-09-04 09:34:23 status installed libssl3:amd64 3.0.2-0ubuntu1.18
2024-09-04 09:34:23 startup archives unpack
2024-09-04 09:34:23 upgrade openssl:amd64 3.0.2-0ubuntu1.17 3.0.2-0ubuntu1.18
2024-09-04 09:34:23 status half-configured openssl:amd64 3.0.2-0ubuntu1.17
2024-09-04 09:34:23 status unpacked openssl:amd64 3.0.2-0ubuntu1.17
2024-09-04 09:34:23 status half-installed openssl:amd64 3.0.2-0ubuntu1.17
2024-09-04 09:34:23 status triggers-pending man-db:amd64 2.10.2-1
2024-09-04 09:34:23 status unpacked openssl:amd64 3.0.2-0ubuntu1.18
2024-09-04 09:34:23 upgrade ubuntu-pro-client-l10n:amd64 32.3.1~22.04 33.2~22.04
2024-09-04 09:34:23 status half-configured ubuntu-pro-client-l10n:amd64 32.3.1~22.04
2024-09-04 09:34:23 status unpacked ubuntu-pro-client-l10n:amd64 32.3.1~22.04
2024-09-04 09:34:23 status half-installed ubuntu-pro-client-l10n:amd64 32.3.1~22.04
2024-09-04 09:34:23 status unpacked ubuntu-pro-client-l10n:amd64 33.2~22.04
2024-09-04 09:34:23 upgrade ubuntu-pro-client:amd64 32.3.1~22.04 33.2~22.04
2024-09-04 09:34:23 status half-configured ubuntu-pro-client:amd64 32.3.1~22.04
2024-09-04 09:34:23 status unpacked ubuntu-pro-client:amd64 32.3.1~22.04
2024-09-04 09:34:23 status half-installed ubuntu-pro-client:amd64 32.3.1~22.04
2024-09-04 09:34:23 status unpacked ubuntu-pro-client:amd64 33.2~22.04
2024-09-04 09:34:24 upgrade ubuntu-advantage-tools:all 32.3.1~22.04 33.2~22.04
2024-09-04 09:34:24 status half-configured ubuntu-advantage-tools:all 32.3.1~22.04
2024-09-04 09:34:24 status unpacked ubuntu-advantage-tools:all 32.3.1~22.04
2024-09-04 09:34:24 status half-installed ubuntu-advantage-tools:all 32.3.1~22.04
2024-09-04 09:34:24 status unpacked ubuntu-advantage-tools:all 33.2~22.04
2024-09-04 09:34:24 startup packages configure
2024-09-04 09:34:24 configure openssl:amd64 3.0.2-0ubuntu1.18 <none>
2024-09-04 09:34:24 status unpacked openssl:amd64 3.0.2-0ubuntu1.18
2024-09-04 09:34:24 status half-configured openssl:amd64 3.0.2-0ubuntu1.18
2024-09-04 09:34:24 status installed openssl:amd64 3.0.2-0ubuntu1.18
2024-09-04 09:34:24 configure ubuntu-pro-client:amd64 33.2~22.04 <none>
2024-09-04 09:34:24 status unpacked ubuntu-pro-client:amd64 33.2~22.04
2024-09-04 09:34:24 status half-configured ubuntu-pro-client:amd64 33.2~22.04
2024-09-04 09:34:26 status installed ubuntu-pro-client:amd64 33.2~22.04
2024-09-04 09:34:26 configure ubuntu-pro-client-l10n:amd64 33.2~22.04 <none>
2024-09-04 09:34:26 status unpacked ubuntu-pro-client-l10n:amd64 33.2~22.04
2024-09-04 09:34:26 status half-configured ubuntu-pro-client-l10n:amd64 33.2~22.04
2024-09-04 09:34:26 status installed ubuntu-pro-client-l10n:amd64 33.2~22.04
2024-09-04 09:34:26 configure ubuntu-advantage-tools:all 33.2~22.04 <none>
2024-09-04 09:34:26 status unpacked ubuntu-advantage-tools:all 33.2~22.04
2024-09-04 09:34:26 status half-configured ubuntu-advantage-tools:all 33.2~22.04
2024-09-04 09:34:26 status installed ubuntu-advantage-tools:all 33.2~22.04
2024-09-04 09:34:26 trigproc man-db:amd64 2.10.2-1 <none>
2024-09-04 09:34:26 status half-configured man-db:amd64 2.10.2-1
2024-09-04 09:34:27 status installed man-db:amd64 2.10.2-1
2024-09-04 09:34:27 trigproc libc-bin:amd64 2.35-0ubuntu3.8 <none>
2024-09-04 09:34:27 status half-configured libc-bin:amd64 2.35-0ubuntu3.8
2024-09-04 09:34:27 status installed libc-bin:amd64 2.35-0ubuntu3.8
2024-09-05 08:16:30 startup archives unpack
2024-09-05 08:16:31 upgrade libapparmor1:amd64 3.0.4-2ubuntu2.3 3.0.4-2ubuntu2.3build2
2024-09-05 08:16:31 status triggers-pending libc-bin:amd64 2.35-0ubuntu3.8
2024-09-05 08:16:31 status half-configured libapparmor1:amd64 3.0.4-2ubuntu2.3
2024-09-05 08:16:31 status unpacked libapparmor1:amd64 3.0.4-2ubuntu2.3
2024-09-05 08:16:31 status half-installed libapparmor1:amd64 3.0.4-2ubuntu2.3
2024-09-05 08:16:31 status unpacked libapparmor1:amd64 3.0.4-2ubuntu2.3build2
2024-09-05 08:16:31 upgrade apparmor:amd64 3.0.4-2ubuntu2.3 3.0.4-2ubuntu2.3build2
2024-09-05 08:16:31 status half-configured apparmor:amd64 3.0.4-2ubuntu2.3
2024-09-05 08:16:31 status unpacked apparmor:amd64 3.0.4-2ubuntu2.3
2024-09-05 08:16:31 status half-installed apparmor:amd64 3.0.4-2ubuntu2.3
2024-09-05 08:16:31 status triggers-pending man-db:amd64 2.10.2-1
2024-09-05 08:16:31 status unpacked apparmor:amd64 3.0.4-2ubuntu2.3build2
2024-09-05 08:16:31 upgrade python3-twisted:all 22.1.0-2ubuntu2.4 22.1.0-2ubuntu2.5
2024-09-05 08:16:31 status half-configured python3-twisted:all 22.1.0-2ubuntu2.4
2024-09-05 08:16:31 status unpacked python3-twisted:all 22.1.0-2ubuntu2.4
2024-09-05 08:16:31 status half-installed python3-twisted:all 22.1.0-2ubuntu2.4
2024-09-05 08:16:31 status unpacked python3-twisted:all 22.1.0-2ubuntu2.5
2024-09-05 08:16:31 startup packages configure
2024-09-05 08:16:31 configure libapparmor1:amd64 3.0.4-2ubuntu2.3build2 <none>
2024-09-05 08:16:31 status unpacked libapparmor1:amd64 3.0.4-2ubuntu2.3build2
2024-09-05 08:16:31 status half-configured libapparmor1:amd64 3.0.4-2ubuntu2.3build2
2024-09-05 08:16:31 status installed libapparmor1:amd64 3.0.4-2ubuntu2.3build2
2024-09-05 08:16:31 configure apparmor:amd64 3.0.4-2ubuntu2.3build2 <none>
2024-09-05 08:16:31 status unpacked apparmor:amd64 3.0.4-2ubuntu2.3build2
2024-09-05 08:16:32 status half-configured apparmor:amd64 3.0.4-2ubuntu2.3build2
2024-09-05 08:16:34 status installed apparmor:amd64 3.0.4-2ubuntu2.3build2
2024-09-05 08:16:34 configure python3-twisted:all 22.1.0-2ubuntu2.5 <none>
2024-09-05 08:16:34 status unpacked python3-twisted:all 22.1.0-2ubuntu2.5
2024-09-05 08:16:34 status half-configured python3-twisted:all 22.1.0-2ubuntu2.5
2024-09-05 08:16:36 status installed python3-twisted:all 22.1.0-2ubuntu2.5
2024-09-05 08:16:36 trigproc man-db:amd64 2.10.2-1 <none>
2024-09-05 08:16:36 status half-configured man-db:amd64 2.10.2-1
2024-09-05 08:16:36 status installed man-db:amd64 2.10.2-1
2024-09-05 08:16:36 trigproc libc-bin:amd64 2.35-0ubuntu3.8 <none>
2024-09-05 08:16:36 status half-configured libc-bin:amd64 2.35-0ubuntu3.8
2024-09-05 08:16:36 status installed libc-bin:amd64 2.35-0ubuntu3.8
2024-09-06 08:01:49 startup archives unpack
2024-09-06 08:01:49 upgrade vim:amd64 2:8.2.3995-1ubuntu2.17 2:8.2.3995-1ubuntu2.18
2024-09-06 08:01:49 status half-configured vim:amd64 2:8.2.3995-1ubuntu2.17
2024-09-06 08:01:49 status unpacked vim:amd64 2:8.2.3995-1ubuntu2.17
2024-09-06 08:01:49 status half-installed vim:amd64 2:8.2.3995-1ubuntu2.17
2024-09-06 08:01:49 status unpacked vim:amd64 2:8.2.3995-1ubuntu2.18
2024-09-06 08:01:50 upgrade vim-tiny:amd64 2:8.2.3995-1ubuntu2.17 2:8.2.3995-1ubuntu2.18
2024-09-06 08:01:50 status half-configured vim-tiny:amd64 2:8.2.3995-1ubuntu2.17
2024-09-06 08:01:50 status unpacked vim-tiny:amd64 2:8.2.3995-1ubuntu2.17
2024-09-06 08:01:50 status half-installed vim-tiny:amd64 2:8.2.3995-1ubuntu2.17
2024-09-06 08:01:50 status unpacked vim-tiny:amd64 2:8.2.3995-1ubuntu2.18
2024-09-06 08:01:50 upgrade vim-runtime:all 2:8.2.3995-1ubuntu2.17 2:8.2.3995-1ubuntu2.18
2024-09-06 08:01:50 status half-configured vim-runtime:all 2:8.2.3995-1ubuntu2.17
2024-09-06 08:01:50 status unpacked vim-runtime:all 2:8.2.3995-1ubuntu2.17
2024-09-06 08:01:50 status half-installed vim-runtime:all 2:8.2.3995-1ubuntu2.17
2024-09-06 08:01:50 status triggers-pending man-db:amd64 2.10.2-1
2024-09-06 08:01:50 status unpacked vim-runtime:all 2:8.2.3995-1ubuntu2.18
2024-09-06 08:01:50 upgrade xxd:amd64 2:8.2.3995-1ubuntu2.17 2:8.2.3995-1ubuntu2.18
2024-09-06 08:01:50 status half-configured xxd:amd64 2:8.2.3995-1ubuntu2.17
2024-09-06 08:01:50 status unpacked xxd:amd64 2:8.2.3995-1ubuntu2.17
2024-09-06 08:01:50 status half-installed xxd:amd64 2:8.2.3995-1ubuntu2.17
2024-09-06 08:01:50 status unpacked xxd:amd64 2:8.2.3995-1ubuntu2.18
2024-09-06 08:01:50 upgrade vim-common:all 2:8.2.3995-1ubuntu2.17 2:8.2.3995-1ubuntu2.18
2024-09-06 08:01:50 status half-configured vim-common:all 2:8.2.3995-1ubuntu2.17
2024-09-06 08:01:50 status unpacked vim-common:all 2:8.2.3995-1ubuntu2.17
2024-09-06 08:01:50 status half-installed vim-common:all 2:8.2.3995-1ubuntu2.17
2024-09-06 08:01:50 status triggers-pending hicolor-icon-theme:all 0.17-2
2024-09-06 08:01:50 status unpacked vim-common:all 2:8.2.3995-1ubuntu2.18
2024-09-06 08:01:50 startup packages configure
2024-09-06 08:01:50 configure xxd:amd64 2:8.2.3995-1ubuntu2.18 <none>
2024-09-06 08:01:50 status unpacked xxd:amd64 2:8.2.3995-1ubuntu2.18
2024-09-06 08:01:50 status half-configured xxd:amd64 2:8.2.3995-1ubuntu2.18
2024-09-06 08:01:50 status installed xxd:amd64 2:8.2.3995-1ubuntu2.18
2024-09-06 08:01:50 configure vim-common:all 2:8.2.3995-1ubuntu2.18 <none>
2024-09-06 08:01:50 status unpacked vim-common:all 2:8.2.3995-1ubuntu2.18
2024-09-06 08:01:50 status half-configured vim-common:all 2:8.2.3995-1ubuntu2.18
2024-09-06 08:01:50 status installed vim-common:all 2:8.2.3995-1ubuntu2.18
2024-09-06 08:01:50 configure vim-runtime:all 2:8.2.3995-1ubuntu2.18 <none>
2024-09-06 08:01:50 status unpacked vim-runtime:all 2:8.2.3995-1ubuntu2.18
2024-09-06 08:01:50 status half-configured vim-runtime:all 2:8.2.3995-1ubuntu2.18
2024-09-06 08:01:51 status installed vim-runtime:all 2:8.2.3995-1ubuntu2.18
2024-09-06 08:01:51 configure vim:amd64 2:8.2.3995-1ubuntu2.18 <none>
2024-09-06 08:01:51 status unpacked vim:amd64 2:8.2.3995-1ubuntu2.18
2024-09-06 08:01:51 status half-configured vim:amd64 2:8.2.3995-1ubuntu2.18
2024-09-06 08:01:51 status installed vim:amd64 2:8.2.3995-1ubuntu2.18
2024-09-06 08:01:51 configure vim-tiny:amd64 2:8.2.3995-1ubuntu2.18 <none>
2024-09-06 08:01:51 status unpacked vim-tiny:amd64 2:8.2.3995-1ubuntu2.18
2024-09-06 08:01:51 status half-configured vim-tiny:amd64 2:8.2.3995-1ubuntu2.18
2024-09-06 08:01:51 status installed vim-tiny:amd64 2:8.2.3995-1ubuntu2.18
2024-09-06 08:01:51 trigproc hicolor-icon-theme:all 0.17-2 <none>
2024-09-06 08:01:51 status half-configured hicolor-icon-theme:all 0.17-2
2024-09-06 08:01:51 status installed hicolor-icon-theme:all 0.17-2
2024-09-06 08:01:51 trigproc man-db:amd64 2.10.2-1 <none>
2024-09-06 08:01:51 status half-configured man-db:amd64 2.10.2-1
2024-09-06 08:01:51 status installed man-db:amd64 2.10.2-1
